ARM GAS  /tmp/ccngRozx.s 			page 1


   1              		.cpu cortex-m4
   2              		.eabi_attribute 27, 1
   3              		.eabi_attribute 28, 1
   4              		.eabi_attribute 20, 1
   5              		.eabi_attribute 21, 1
   6              		.eabi_attribute 23, 3
   7              		.eabi_attribute 24, 1
   8              		.eabi_attribute 25, 1
   9              		.eabi_attribute 26, 1
  10              		.eabi_attribute 30, 1
  11              		.eabi_attribute 34, 1
  12              		.eabi_attribute 18, 4
  13              		.file	"syscalls.c"
  14              		.text
  15              	.Ltext0:
  16              		.cfi_sections	.debug_frame
  17              		.section	.text.initialise_monitor_handles,"ax",%progbits
  18              		.align	1
  19              		.global	initialise_monitor_handles
  20              		.arch armv7e-m
  21              		.syntax unified
  22              		.thumb
  23              		.thumb_func
  24              		.fpu fpv4-sp-d16
  26              	initialise_monitor_handles:
  27              	.LFB25:
  28              		.file 1 "Core/Src/syscalls.c"
   1:Core/Src/syscalls.c **** /**
   2:Core/Src/syscalls.c ****  ******************************************************************************
   3:Core/Src/syscalls.c ****  * @file      syscalls.c
   4:Core/Src/syscalls.c ****  * @author    Auto-generated by STM32CubeMX
   5:Core/Src/syscalls.c ****  * @brief     Minimal System calls file
   6:Core/Src/syscalls.c ****  *
   7:Core/Src/syscalls.c ****  *            For more information about which c-functions
   8:Core/Src/syscalls.c ****  *            need which of these lowlevel functions
   9:Core/Src/syscalls.c ****  *            please consult the Newlib libc-manual
  10:Core/Src/syscalls.c ****  ******************************************************************************
  11:Core/Src/syscalls.c ****  * @attention
  12:Core/Src/syscalls.c ****  *
  13:Core/Src/syscalls.c ****  * Copyright (c) 2020-2024 STMicroelectronics.
  14:Core/Src/syscalls.c ****  * All rights reserved.
  15:Core/Src/syscalls.c ****  *
  16:Core/Src/syscalls.c ****  * This software is licensed under terms that can be found in the LICENSE file
  17:Core/Src/syscalls.c ****  * in the root directory of this software component.
  18:Core/Src/syscalls.c ****  * If no LICENSE file comes with this software, it is provided AS-IS.
  19:Core/Src/syscalls.c ****  *
  20:Core/Src/syscalls.c ****  ******************************************************************************
  21:Core/Src/syscalls.c ****  */
  22:Core/Src/syscalls.c **** 
  23:Core/Src/syscalls.c **** /* Includes */
  24:Core/Src/syscalls.c **** #include <sys/stat.h>
  25:Core/Src/syscalls.c **** #include <stdlib.h>
  26:Core/Src/syscalls.c **** #include <errno.h>
  27:Core/Src/syscalls.c **** #include <stdio.h>
  28:Core/Src/syscalls.c **** #include <signal.h>
  29:Core/Src/syscalls.c **** #include <time.h>
  30:Core/Src/syscalls.c **** #include <sys/time.h>
ARM GAS  /tmp/ccngRozx.s 			page 2


  31:Core/Src/syscalls.c **** #include <sys/times.h>
  32:Core/Src/syscalls.c **** 
  33:Core/Src/syscalls.c **** 
  34:Core/Src/syscalls.c **** /* Variables */
  35:Core/Src/syscalls.c **** extern int __io_putchar(int ch) __attribute__((weak));
  36:Core/Src/syscalls.c **** extern int __io_getchar(void) __attribute__((weak));
  37:Core/Src/syscalls.c **** 
  38:Core/Src/syscalls.c **** 
  39:Core/Src/syscalls.c **** char *__env[1] = { 0 };
  40:Core/Src/syscalls.c **** char **environ = __env;
  41:Core/Src/syscalls.c **** 
  42:Core/Src/syscalls.c **** 
  43:Core/Src/syscalls.c **** /* Functions */
  44:Core/Src/syscalls.c **** void initialise_monitor_handles()
  45:Core/Src/syscalls.c **** {
  29              		.loc 1 45 1 view -0
  30              		.cfi_startproc
  31              		@ args = 0, pretend = 0, frame = 0
  32              		@ frame_needed = 0, uses_anonymous_args = 0
  33              		@ link register save eliminated.
  46:Core/Src/syscalls.c **** }
  34              		.loc 1 46 1 view .LVU1
  35 0000 7047     		bx	lr
  36              		.cfi_endproc
  37              	.LFE25:
  39              		.section	.text._getpid,"ax",%progbits
  40              		.align	1
  41              		.global	_getpid
  42              		.syntax unified
  43              		.thumb
  44              		.thumb_func
  45              		.fpu fpv4-sp-d16
  47              	_getpid:
  48              	.LFB26:
  47:Core/Src/syscalls.c **** 
  48:Core/Src/syscalls.c **** int _getpid(void)
  49:Core/Src/syscalls.c **** {
  49              		.loc 1 49 1 view -0
  50              		.cfi_startproc
  51              		@ args = 0, pretend = 0, frame = 0
  52              		@ frame_needed = 0, uses_anonymous_args = 0
  53              		@ link register save eliminated.
  50:Core/Src/syscalls.c ****   return 1;
  54              		.loc 1 50 3 view .LVU3
  51:Core/Src/syscalls.c **** }
  55              		.loc 1 51 1 is_stmt 0 view .LVU4
  56 0000 0120     		movs	r0, #1
  57 0002 7047     		bx	lr
  58              		.cfi_endproc
  59              	.LFE26:
  61              		.section	.text._kill,"ax",%progbits
  62              		.align	1
  63              		.global	_kill
  64              		.syntax unified
  65              		.thumb
  66              		.thumb_func
  67              		.fpu fpv4-sp-d16
ARM GAS  /tmp/ccngRozx.s 			page 3


  69              	_kill:
  70              	.LVL0:
  71              	.LFB27:
  52:Core/Src/syscalls.c **** 
  53:Core/Src/syscalls.c **** int _kill(int pid, int sig)
  54:Core/Src/syscalls.c **** {
  72              		.loc 1 54 1 is_stmt 1 view -0
  73              		.cfi_startproc
  74              		@ args = 0, pretend = 0, frame = 0
  75              		@ frame_needed = 0, uses_anonymous_args = 0
  76              		.loc 1 54 1 is_stmt 0 view .LVU6
  77 0000 08B5     		push	{r3, lr}
  78              		.cfi_def_cfa_offset 8
  79              		.cfi_offset 3, -8
  80              		.cfi_offset 14, -4
  55:Core/Src/syscalls.c ****   (void)pid;
  81              		.loc 1 55 3 is_stmt 1 view .LVU7
  56:Core/Src/syscalls.c ****   (void)sig;
  82              		.loc 1 56 3 view .LVU8
  57:Core/Src/syscalls.c ****   errno = EINVAL;
  83              		.loc 1 57 3 view .LVU9
  84 0002 FFF7FEFF 		bl	__errno
  85              	.LVL1:
  86              		.loc 1 57 9 is_stmt 0 view .LVU10
  87 0006 1623     		movs	r3, #22
  88 0008 0360     		str	r3, [r0]
  58:Core/Src/syscalls.c ****   return -1;
  89              		.loc 1 58 3 is_stmt 1 view .LVU11
  59:Core/Src/syscalls.c **** }
  90              		.loc 1 59 1 is_stmt 0 view .LVU12
  91 000a 4FF0FF30 		mov	r0, #-1
  92 000e 08BD     		pop	{r3, pc}
  93              		.cfi_endproc
  94              	.LFE27:
  96              		.section	.text._exit,"ax",%progbits
  97              		.align	1
  98              		.global	_exit
  99              		.syntax unified
 100              		.thumb
 101              		.thumb_func
 102              		.fpu fpv4-sp-d16
 104              	_exit:
 105              	.LVL2:
 106              	.LFB28:
  60:Core/Src/syscalls.c **** 
  61:Core/Src/syscalls.c **** void _exit (int status)
  62:Core/Src/syscalls.c **** {
 107              		.loc 1 62 1 is_stmt 1 view -0
 108              		.cfi_startproc
 109              		@ Volatile: function does not return.
 110              		@ args = 0, pretend = 0, frame = 0
 111              		@ frame_needed = 0, uses_anonymous_args = 0
 112              		.loc 1 62 1 is_stmt 0 view .LVU14
 113 0000 08B5     		push	{r3, lr}
 114              		.cfi_def_cfa_offset 8
 115              		.cfi_offset 3, -8
 116              		.cfi_offset 14, -4
ARM GAS  /tmp/ccngRozx.s 			page 4


  63:Core/Src/syscalls.c ****   _kill(status, -1);
 117              		.loc 1 63 3 is_stmt 1 view .LVU15
 118 0002 4FF0FF31 		mov	r1, #-1
 119 0006 FFF7FEFF 		bl	_kill
 120              	.LVL3:
 121              	.L6:
  64:Core/Src/syscalls.c ****   while (1) {}    /* Make sure we hang here */
 122              		.loc 1 64 3 discriminator 1 view .LVU16
 123              		.loc 1 64 14 discriminator 1 view .LVU17
 124              		.loc 1 64 9 discriminator 1 view .LVU18
 125 000a FEE7     		b	.L6
 126              		.cfi_endproc
 127              	.LFE28:
 129              		.section	.text._read,"ax",%progbits
 130              		.align	1
 131              		.weak	_read
 132              		.syntax unified
 133              		.thumb
 134              		.thumb_func
 135              		.fpu fpv4-sp-d16
 137              	_read:
 138              	.LVL4:
 139              	.LFB29:
  65:Core/Src/syscalls.c **** }
  66:Core/Src/syscalls.c **** 
  67:Core/Src/syscalls.c **** __attribute__((weak)) int _read(int file, char *ptr, int len)
  68:Core/Src/syscalls.c **** {
 140              		.loc 1 68 1 view -0
 141              		.cfi_startproc
 142              		@ args = 0, pretend = 0, frame = 0
 143              		@ frame_needed = 0, uses_anonymous_args = 0
 144              		.loc 1 68 1 is_stmt 0 view .LVU20
 145 0000 70B5     		push	{r4, r5, r6, lr}
 146              		.cfi_def_cfa_offset 16
 147              		.cfi_offset 4, -16
 148              		.cfi_offset 5, -12
 149              		.cfi_offset 6, -8
 150              		.cfi_offset 14, -4
 151 0002 0C46     		mov	r4, r1
 152 0004 1646     		mov	r6, r2
  69:Core/Src/syscalls.c ****   (void)file;
 153              		.loc 1 69 3 is_stmt 1 view .LVU21
  70:Core/Src/syscalls.c ****   int DataIdx;
 154              		.loc 1 70 3 view .LVU22
  71:Core/Src/syscalls.c **** 
  72:Core/Src/syscalls.c ****   for (DataIdx = 0; DataIdx < len; DataIdx++)
 155              		.loc 1 72 3 view .LVU23
 156              	.LVL5:
 157              		.loc 1 72 16 is_stmt 0 view .LVU24
 158 0006 0025     		movs	r5, #0
 159              		.loc 1 72 3 view .LVU25
 160 0008 06E0     		b	.L9
 161              	.LVL6:
 162              	.L10:
  73:Core/Src/syscalls.c ****   {
  74:Core/Src/syscalls.c ****     *ptr++ = __io_getchar();
 163              		.loc 1 74 5 is_stmt 1 discriminator 3 view .LVU26
ARM GAS  /tmp/ccngRozx.s 			page 5


 164              		.loc 1 74 14 is_stmt 0 discriminator 3 view .LVU27
 165 000a FFF7FEFF 		bl	__io_getchar
 166              	.LVL7:
 167              		.loc 1 74 9 discriminator 3 view .LVU28
 168 000e 2146     		mov	r1, r4
 169              	.LVL8:
 170              		.loc 1 74 12 discriminator 3 view .LVU29
 171 0010 01F8010B 		strb	r0, [r1], #1
 172              	.LVL9:
  72:Core/Src/syscalls.c ****   {
 173              		.loc 1 72 36 is_stmt 1 discriminator 3 view .LVU30
  72:Core/Src/syscalls.c ****   {
 174              		.loc 1 72 43 is_stmt 0 discriminator 3 view .LVU31
 175 0014 0135     		adds	r5, r5, #1
 176              	.LVL10:
 177              		.loc 1 74 9 discriminator 3 view .LVU32
 178 0016 0C46     		mov	r4, r1
 179              	.LVL11:
 180              	.L9:
  72:Core/Src/syscalls.c ****   {
 181              		.loc 1 72 21 is_stmt 1 discriminator 1 view .LVU33
  72:Core/Src/syscalls.c ****   {
 182              		.loc 1 72 3 is_stmt 0 discriminator 1 view .LVU34
 183 0018 B542     		cmp	r5, r6
 184 001a F6DB     		blt	.L10
  75:Core/Src/syscalls.c ****   }
  76:Core/Src/syscalls.c **** 
  77:Core/Src/syscalls.c ****   return len;
 185              		.loc 1 77 3 is_stmt 1 view .LVU35
  78:Core/Src/syscalls.c **** }
 186              		.loc 1 78 1 is_stmt 0 view .LVU36
 187 001c 3046     		mov	r0, r6
 188 001e 70BD     		pop	{r4, r5, r6, pc}
 189              		.loc 1 78 1 view .LVU37
 190              		.cfi_endproc
 191              	.LFE29:
 193              		.section	.text._write,"ax",%progbits
 194              		.align	1
 195              		.weak	_write
 196              		.syntax unified
 197              		.thumb
 198              		.thumb_func
 199              		.fpu fpv4-sp-d16
 201              	_write:
 202              	.LVL12:
 203              	.LFB30:
  79:Core/Src/syscalls.c **** 
  80:Core/Src/syscalls.c **** __attribute__((weak)) int _write(int file, char *ptr, int len)
  81:Core/Src/syscalls.c **** {
 204              		.loc 1 81 1 is_stmt 1 view -0
 205              		.cfi_startproc
 206              		@ args = 0, pretend = 0, frame = 0
 207              		@ frame_needed = 0, uses_anonymous_args = 0
 208              		.loc 1 81 1 is_stmt 0 view .LVU39
 209 0000 70B5     		push	{r4, r5, r6, lr}
 210              		.cfi_def_cfa_offset 16
 211              		.cfi_offset 4, -16
ARM GAS  /tmp/ccngRozx.s 			page 6


 212              		.cfi_offset 5, -12
 213              		.cfi_offset 6, -8
 214              		.cfi_offset 14, -4
 215 0002 0C46     		mov	r4, r1
 216 0004 1646     		mov	r6, r2
  82:Core/Src/syscalls.c ****   (void)file;
 217              		.loc 1 82 3 is_stmt 1 view .LVU40
  83:Core/Src/syscalls.c ****   int DataIdx;
 218              		.loc 1 83 3 view .LVU41
  84:Core/Src/syscalls.c **** 
  85:Core/Src/syscalls.c ****   for (DataIdx = 0; DataIdx < len; DataIdx++)
 219              		.loc 1 85 3 view .LVU42
 220              	.LVL13:
 221              		.loc 1 85 16 is_stmt 0 view .LVU43
 222 0006 0025     		movs	r5, #0
 223              		.loc 1 85 3 view .LVU44
 224 0008 04E0     		b	.L13
 225              	.LVL14:
 226              	.L14:
  86:Core/Src/syscalls.c ****   {
  87:Core/Src/syscalls.c ****     __io_putchar(*ptr++);
 227              		.loc 1 87 5 is_stmt 1 discriminator 3 view .LVU45
 228              		.loc 1 87 5 is_stmt 0 discriminator 3 view .LVU46
 229 000a 14F8010B 		ldrb	r0, [r4], #1	@ zero_extendqisi2
 230              	.LVL15:
 231              		.loc 1 87 5 discriminator 3 view .LVU47
 232 000e FFF7FEFF 		bl	__io_putchar
 233              	.LVL16:
  85:Core/Src/syscalls.c ****   {
 234              		.loc 1 85 36 is_stmt 1 discriminator 3 view .LVU48
  85:Core/Src/syscalls.c ****   {
 235              		.loc 1 85 43 is_stmt 0 discriminator 3 view .LVU49
 236 0012 0135     		adds	r5, r5, #1
 237              	.LVL17:
 238              	.L13:
  85:Core/Src/syscalls.c ****   {
 239              		.loc 1 85 21 is_stmt 1 discriminator 1 view .LVU50
  85:Core/Src/syscalls.c ****   {
 240              		.loc 1 85 3 is_stmt 0 discriminator 1 view .LVU51
 241 0014 B542     		cmp	r5, r6
 242 0016 F8DB     		blt	.L14
  88:Core/Src/syscalls.c ****   }
  89:Core/Src/syscalls.c ****   return len;
 243              		.loc 1 89 3 is_stmt 1 view .LVU52
  90:Core/Src/syscalls.c **** }
 244              		.loc 1 90 1 is_stmt 0 view .LVU53
 245 0018 3046     		mov	r0, r6
 246 001a 70BD     		pop	{r4, r5, r6, pc}
 247              		.loc 1 90 1 view .LVU54
 248              		.cfi_endproc
 249              	.LFE30:
 251              		.section	.text._close,"ax",%progbits
 252              		.align	1
 253              		.global	_close
 254              		.syntax unified
 255              		.thumb
 256              		.thumb_func
ARM GAS  /tmp/ccngRozx.s 			page 7


 257              		.fpu fpv4-sp-d16
 259              	_close:
 260              	.LVL18:
 261              	.LFB31:
  91:Core/Src/syscalls.c **** 
  92:Core/Src/syscalls.c **** int _close(int file)
  93:Core/Src/syscalls.c **** {
 262              		.loc 1 93 1 is_stmt 1 view -0
 263              		.cfi_startproc
 264              		@ args = 0, pretend = 0, frame = 0
 265              		@ frame_needed = 0, uses_anonymous_args = 0
 266              		@ link register save eliminated.
  94:Core/Src/syscalls.c ****   (void)file;
 267              		.loc 1 94 3 view .LVU56
  95:Core/Src/syscalls.c ****   return -1;
 268              		.loc 1 95 3 view .LVU57
  96:Core/Src/syscalls.c **** }
 269              		.loc 1 96 1 is_stmt 0 view .LVU58
 270 0000 4FF0FF30 		mov	r0, #-1
 271              	.LVL19:
 272              		.loc 1 96 1 view .LVU59
 273 0004 7047     		bx	lr
 274              		.cfi_endproc
 275              	.LFE31:
 277              		.section	.text._fstat,"ax",%progbits
 278              		.align	1
 279              		.global	_fstat
 280              		.syntax unified
 281              		.thumb
 282              		.thumb_func
 283              		.fpu fpv4-sp-d16
 285              	_fstat:
 286              	.LVL20:
 287              	.LFB32:
  97:Core/Src/syscalls.c **** 
  98:Core/Src/syscalls.c **** 
  99:Core/Src/syscalls.c **** int _fstat(int file, struct stat *st)
 100:Core/Src/syscalls.c **** {
 288              		.loc 1 100 1 is_stmt 1 view -0
 289              		.cfi_startproc
 290              		@ args = 0, pretend = 0, frame = 0
 291              		@ frame_needed = 0, uses_anonymous_args = 0
 292              		@ link register save eliminated.
 101:Core/Src/syscalls.c ****   (void)file;
 293              		.loc 1 101 3 view .LVU61
 102:Core/Src/syscalls.c ****   st->st_mode = S_IFCHR;
 294              		.loc 1 102 3 view .LVU62
 295              		.loc 1 102 15 is_stmt 0 view .LVU63
 296 0000 4FF40053 		mov	r3, #8192
 297 0004 4B60     		str	r3, [r1, #4]
 103:Core/Src/syscalls.c ****   return 0;
 298              		.loc 1 103 3 is_stmt 1 view .LVU64
 104:Core/Src/syscalls.c **** }
 299              		.loc 1 104 1 is_stmt 0 view .LVU65
 300 0006 0020     		movs	r0, #0
 301              	.LVL21:
 302              		.loc 1 104 1 view .LVU66
ARM GAS  /tmp/ccngRozx.s 			page 8


 303 0008 7047     		bx	lr
 304              		.cfi_endproc
 305              	.LFE32:
 307              		.section	.text._isatty,"ax",%progbits
 308              		.align	1
 309              		.global	_isatty
 310              		.syntax unified
 311              		.thumb
 312              		.thumb_func
 313              		.fpu fpv4-sp-d16
 315              	_isatty:
 316              	.LVL22:
 317              	.LFB33:
 105:Core/Src/syscalls.c **** 
 106:Core/Src/syscalls.c **** int _isatty(int file)
 107:Core/Src/syscalls.c **** {
 318              		.loc 1 107 1 is_stmt 1 view -0
 319              		.cfi_startproc
 320              		@ args = 0, pretend = 0, frame = 0
 321              		@ frame_needed = 0, uses_anonymous_args = 0
 322              		@ link register save eliminated.
 108:Core/Src/syscalls.c ****   (void)file;
 323              		.loc 1 108 3 view .LVU68
 109:Core/Src/syscalls.c ****   return 1;
 324              		.loc 1 109 3 view .LVU69
 110:Core/Src/syscalls.c **** }
 325              		.loc 1 110 1 is_stmt 0 view .LVU70
 326 0000 0120     		movs	r0, #1
 327              	.LVL23:
 328              		.loc 1 110 1 view .LVU71
 329 0002 7047     		bx	lr
 330              		.cfi_endproc
 331              	.LFE33:
 333              		.section	.text._lseek,"ax",%progbits
 334              		.align	1
 335              		.global	_lseek
 336              		.syntax unified
 337              		.thumb
 338              		.thumb_func
 339              		.fpu fpv4-sp-d16
 341              	_lseek:
 342              	.LVL24:
 343              	.LFB34:
 111:Core/Src/syscalls.c **** 
 112:Core/Src/syscalls.c **** int _lseek(int file, int ptr, int dir)
 113:Core/Src/syscalls.c **** {
 344              		.loc 1 113 1 is_stmt 1 view -0
 345              		.cfi_startproc
 346              		@ args = 0, pretend = 0, frame = 0
 347              		@ frame_needed = 0, uses_anonymous_args = 0
 348              		@ link register save eliminated.
 114:Core/Src/syscalls.c ****   (void)file;
 349              		.loc 1 114 3 view .LVU73
 115:Core/Src/syscalls.c ****   (void)ptr;
 350              		.loc 1 115 3 view .LVU74
 116:Core/Src/syscalls.c ****   (void)dir;
 351              		.loc 1 116 3 view .LVU75
ARM GAS  /tmp/ccngRozx.s 			page 9


 117:Core/Src/syscalls.c ****   return 0;
 352              		.loc 1 117 3 view .LVU76
 118:Core/Src/syscalls.c **** }
 353              		.loc 1 118 1 is_stmt 0 view .LVU77
 354 0000 0020     		movs	r0, #0
 355              	.LVL25:
 356              		.loc 1 118 1 view .LVU78
 357 0002 7047     		bx	lr
 358              		.cfi_endproc
 359              	.LFE34:
 361              		.section	.text._open,"ax",%progbits
 362              		.align	1
 363              		.global	_open
 364              		.syntax unified
 365              		.thumb
 366              		.thumb_func
 367              		.fpu fpv4-sp-d16
 369              	_open:
 370              	.LVL26:
 371              	.LFB35:
 119:Core/Src/syscalls.c **** 
 120:Core/Src/syscalls.c **** int _open(char *path, int flags, ...)
 121:Core/Src/syscalls.c **** {
 372              		.loc 1 121 1 is_stmt 1 view -0
 373              		.cfi_startproc
 374              		@ args = 4, pretend = 12, frame = 0
 375              		@ frame_needed = 0, uses_anonymous_args = 1
 376              		@ link register save eliminated.
 377              		.loc 1 121 1 is_stmt 0 view .LVU80
 378 0000 0EB4     		push	{r1, r2, r3}
 379              		.cfi_def_cfa_offset 12
 380              		.cfi_offset 1, -12
 381              		.cfi_offset 2, -8
 382              		.cfi_offset 3, -4
 122:Core/Src/syscalls.c ****   (void)path;
 383              		.loc 1 122 3 is_stmt 1 view .LVU81
 123:Core/Src/syscalls.c ****   (void)flags;
 384              		.loc 1 123 3 view .LVU82
 124:Core/Src/syscalls.c ****   /* Pretend like we always fail */
 125:Core/Src/syscalls.c ****   return -1;
 385              		.loc 1 125 3 view .LVU83
 126:Core/Src/syscalls.c **** }
 386              		.loc 1 126 1 is_stmt 0 view .LVU84
 387 0002 4FF0FF30 		mov	r0, #-1
 388              	.LVL27:
 389              		.loc 1 126 1 view .LVU85
 390 0006 03B0     		add	sp, sp, #12
 391              		.cfi_restore 3
 392              		.cfi_restore 2
 393              		.cfi_restore 1
 394              		.cfi_def_cfa_offset 0
 395 0008 7047     		bx	lr
 396              		.cfi_endproc
 397              	.LFE35:
 399              		.section	.text._wait,"ax",%progbits
 400              		.align	1
 401              		.global	_wait
ARM GAS  /tmp/ccngRozx.s 			page 10


 402              		.syntax unified
 403              		.thumb
 404              		.thumb_func
 405              		.fpu fpv4-sp-d16
 407              	_wait:
 408              	.LVL28:
 409              	.LFB36:
 127:Core/Src/syscalls.c **** 
 128:Core/Src/syscalls.c **** int _wait(int *status)
 129:Core/Src/syscalls.c **** {
 410              		.loc 1 129 1 is_stmt 1 view -0
 411              		.cfi_startproc
 412              		@ args = 0, pretend = 0, frame = 0
 413              		@ frame_needed = 0, uses_anonymous_args = 0
 414              		.loc 1 129 1 is_stmt 0 view .LVU87
 415 0000 08B5     		push	{r3, lr}
 416              		.cfi_def_cfa_offset 8
 417              		.cfi_offset 3, -8
 418              		.cfi_offset 14, -4
 130:Core/Src/syscalls.c ****   (void)status;
 419              		.loc 1 130 3 is_stmt 1 view .LVU88
 131:Core/Src/syscalls.c ****   errno = ECHILD;
 420              		.loc 1 131 3 view .LVU89
 421 0002 FFF7FEFF 		bl	__errno
 422              	.LVL29:
 423              		.loc 1 131 9 is_stmt 0 view .LVU90
 424 0006 0A23     		movs	r3, #10
 425 0008 0360     		str	r3, [r0]
 132:Core/Src/syscalls.c ****   return -1;
 426              		.loc 1 132 3 is_stmt 1 view .LVU91
 133:Core/Src/syscalls.c **** }
 427              		.loc 1 133 1 is_stmt 0 view .LVU92
 428 000a 4FF0FF30 		mov	r0, #-1
 429 000e 08BD     		pop	{r3, pc}
 430              		.cfi_endproc
 431              	.LFE36:
 433              		.section	.text._unlink,"ax",%progbits
 434              		.align	1
 435              		.global	_unlink
 436              		.syntax unified
 437              		.thumb
 438              		.thumb_func
 439              		.fpu fpv4-sp-d16
 441              	_unlink:
 442              	.LVL30:
 443              	.LFB37:
 134:Core/Src/syscalls.c **** 
 135:Core/Src/syscalls.c **** int _unlink(char *name)
 136:Core/Src/syscalls.c **** {
 444              		.loc 1 136 1 is_stmt 1 view -0
 445              		.cfi_startproc
 446              		@ args = 0, pretend = 0, frame = 0
 447              		@ frame_needed = 0, uses_anonymous_args = 0
 448              		.loc 1 136 1 is_stmt 0 view .LVU94
 449 0000 08B5     		push	{r3, lr}
 450              		.cfi_def_cfa_offset 8
 451              		.cfi_offset 3, -8
ARM GAS  /tmp/ccngRozx.s 			page 11


 452              		.cfi_offset 14, -4
 137:Core/Src/syscalls.c ****   (void)name;
 453              		.loc 1 137 3 is_stmt 1 view .LVU95
 138:Core/Src/syscalls.c ****   errno = ENOENT;
 454              		.loc 1 138 3 view .LVU96
 455 0002 FFF7FEFF 		bl	__errno
 456              	.LVL31:
 457              		.loc 1 138 9 is_stmt 0 view .LVU97
 458 0006 0223     		movs	r3, #2
 459 0008 0360     		str	r3, [r0]
 139:Core/Src/syscalls.c ****   return -1;
 460              		.loc 1 139 3 is_stmt 1 view .LVU98
 140:Core/Src/syscalls.c **** }
 461              		.loc 1 140 1 is_stmt 0 view .LVU99
 462 000a 4FF0FF30 		mov	r0, #-1
 463 000e 08BD     		pop	{r3, pc}
 464              		.cfi_endproc
 465              	.LFE37:
 467              		.section	.text._times,"ax",%progbits
 468              		.align	1
 469              		.global	_times
 470              		.syntax unified
 471              		.thumb
 472              		.thumb_func
 473              		.fpu fpv4-sp-d16
 475              	_times:
 476              	.LVL32:
 477              	.LFB38:
 141:Core/Src/syscalls.c **** 
 142:Core/Src/syscalls.c **** int _times(struct tms *buf)
 143:Core/Src/syscalls.c **** {
 478              		.loc 1 143 1 is_stmt 1 view -0
 479              		.cfi_startproc
 480              		@ args = 0, pretend = 0, frame = 0
 481              		@ frame_needed = 0, uses_anonymous_args = 0
 482              		@ link register save eliminated.
 144:Core/Src/syscalls.c ****   (void)buf;
 483              		.loc 1 144 3 view .LVU101
 145:Core/Src/syscalls.c ****   return -1;
 484              		.loc 1 145 3 view .LVU102
 146:Core/Src/syscalls.c **** }
 485              		.loc 1 146 1 is_stmt 0 view .LVU103
 486 0000 4FF0FF30 		mov	r0, #-1
 487              	.LVL33:
 488              		.loc 1 146 1 view .LVU104
 489 0004 7047     		bx	lr
 490              		.cfi_endproc
 491              	.LFE38:
 493              		.section	.text._stat,"ax",%progbits
 494              		.align	1
 495              		.global	_stat
 496              		.syntax unified
 497              		.thumb
 498              		.thumb_func
 499              		.fpu fpv4-sp-d16
 501              	_stat:
 502              	.LVL34:
ARM GAS  /tmp/ccngRozx.s 			page 12


 503              	.LFB39:
 147:Core/Src/syscalls.c **** 
 148:Core/Src/syscalls.c **** int _stat(char *file, struct stat *st)
 149:Core/Src/syscalls.c **** {
 504              		.loc 1 149 1 is_stmt 1 view -0
 505              		.cfi_startproc
 506              		@ args = 0, pretend = 0, frame = 0
 507              		@ frame_needed = 0, uses_anonymous_args = 0
 508              		@ link register save eliminated.
 150:Core/Src/syscalls.c ****   (void)file;
 509              		.loc 1 150 3 view .LVU106
 151:Core/Src/syscalls.c ****   st->st_mode = S_IFCHR;
 510              		.loc 1 151 3 view .LVU107
 511              		.loc 1 151 15 is_stmt 0 view .LVU108
 512 0000 4FF40053 		mov	r3, #8192
 513 0004 4B60     		str	r3, [r1, #4]
 152:Core/Src/syscalls.c ****   return 0;
 514              		.loc 1 152 3 is_stmt 1 view .LVU109
 153:Core/Src/syscalls.c **** }
 515              		.loc 1 153 1 is_stmt 0 view .LVU110
 516 0006 0020     		movs	r0, #0
 517              	.LVL35:
 518              		.loc 1 153 1 view .LVU111
 519 0008 7047     		bx	lr
 520              		.cfi_endproc
 521              	.LFE39:
 523              		.section	.text._link,"ax",%progbits
 524              		.align	1
 525              		.global	_link
 526              		.syntax unified
 527              		.thumb
 528              		.thumb_func
 529              		.fpu fpv4-sp-d16
 531              	_link:
 532              	.LVL36:
 533              	.LFB40:
 154:Core/Src/syscalls.c **** 
 155:Core/Src/syscalls.c **** int _link(char *old, char *new)
 156:Core/Src/syscalls.c **** {
 534              		.loc 1 156 1 is_stmt 1 view -0
 535              		.cfi_startproc
 536              		@ args = 0, pretend = 0, frame = 0
 537              		@ frame_needed = 0, uses_anonymous_args = 0
 538              		.loc 1 156 1 is_stmt 0 view .LVU113
 539 0000 08B5     		push	{r3, lr}
 540              		.cfi_def_cfa_offset 8
 541              		.cfi_offset 3, -8
 542              		.cfi_offset 14, -4
 157:Core/Src/syscalls.c ****   (void)old;
 543              		.loc 1 157 3 is_stmt 1 view .LVU114
 158:Core/Src/syscalls.c ****   (void)new;
 544              		.loc 1 158 3 view .LVU115
 159:Core/Src/syscalls.c ****   errno = EMLINK;
 545              		.loc 1 159 3 view .LVU116
 546 0002 FFF7FEFF 		bl	__errno
 547              	.LVL37:
 548              		.loc 1 159 9 is_stmt 0 view .LVU117
ARM GAS  /tmp/ccngRozx.s 			page 13


 549 0006 1F23     		movs	r3, #31
 550 0008 0360     		str	r3, [r0]
 160:Core/Src/syscalls.c ****   return -1;
 551              		.loc 1 160 3 is_stmt 1 view .LVU118
 161:Core/Src/syscalls.c **** }
 552              		.loc 1 161 1 is_stmt 0 view .LVU119
 553 000a 4FF0FF30 		mov	r0, #-1
 554 000e 08BD     		pop	{r3, pc}
 555              		.cfi_endproc
 556              	.LFE40:
 558              		.section	.text._fork,"ax",%progbits
 559              		.align	1
 560              		.global	_fork
 561              		.syntax unified
 562              		.thumb
 563              		.thumb_func
 564              		.fpu fpv4-sp-d16
 566              	_fork:
 567              	.LFB41:
 162:Core/Src/syscalls.c **** 
 163:Core/Src/syscalls.c **** int _fork(void)
 164:Core/Src/syscalls.c **** {
 568              		.loc 1 164 1 is_stmt 1 view -0
 569              		.cfi_startproc
 570              		@ args = 0, pretend = 0, frame = 0
 571              		@ frame_needed = 0, uses_anonymous_args = 0
 572 0000 08B5     		push	{r3, lr}
 573              		.cfi_def_cfa_offset 8
 574              		.cfi_offset 3, -8
 575              		.cfi_offset 14, -4
 165:Core/Src/syscalls.c ****   errno = EAGAIN;
 576              		.loc 1 165 3 view .LVU121
 577 0002 FFF7FEFF 		bl	__errno
 578              	.LVL38:
 579              		.loc 1 165 9 is_stmt 0 view .LVU122
 580 0006 0B23     		movs	r3, #11
 581 0008 0360     		str	r3, [r0]
 166:Core/Src/syscalls.c ****   return -1;
 582              		.loc 1 166 3 is_stmt 1 view .LVU123
 167:Core/Src/syscalls.c **** }
 583              		.loc 1 167 1 is_stmt 0 view .LVU124
 584 000a 4FF0FF30 		mov	r0, #-1
 585 000e 08BD     		pop	{r3, pc}
 586              		.cfi_endproc
 587              	.LFE41:
 589              		.section	.text._execve,"ax",%progbits
 590              		.align	1
 591              		.global	_execve
 592              		.syntax unified
 593              		.thumb
 594              		.thumb_func
 595              		.fpu fpv4-sp-d16
 597              	_execve:
 598              	.LVL39:
 599              	.LFB42:
 168:Core/Src/syscalls.c **** 
 169:Core/Src/syscalls.c **** int _execve(char *name, char **argv, char **env)
ARM GAS  /tmp/ccngRozx.s 			page 14


 170:Core/Src/syscalls.c **** {
 600              		.loc 1 170 1 is_stmt 1 view -0
 601              		.cfi_startproc
 602              		@ args = 0, pretend = 0, frame = 0
 603              		@ frame_needed = 0, uses_anonymous_args = 0
 604              		.loc 1 170 1 is_stmt 0 view .LVU126
 605 0000 08B5     		push	{r3, lr}
 606              		.cfi_def_cfa_offset 8
 607              		.cfi_offset 3, -8
 608              		.cfi_offset 14, -4
 171:Core/Src/syscalls.c ****   (void)name;
 609              		.loc 1 171 3 is_stmt 1 view .LVU127
 172:Core/Src/syscalls.c ****   (void)argv;
 610              		.loc 1 172 3 view .LVU128
 173:Core/Src/syscalls.c ****   (void)env;
 611              		.loc 1 173 3 view .LVU129
 174:Core/Src/syscalls.c ****   errno = ENOMEM;
 612              		.loc 1 174 3 view .LVU130
 613 0002 FFF7FEFF 		bl	__errno
 614              	.LVL40:
 615              		.loc 1 174 9 is_stmt 0 view .LVU131
 616 0006 0C23     		movs	r3, #12
 617 0008 0360     		str	r3, [r0]
 175:Core/Src/syscalls.c ****   return -1;
 618              		.loc 1 175 3 is_stmt 1 view .LVU132
 176:Core/Src/syscalls.c **** }
 619              		.loc 1 176 1 is_stmt 0 view .LVU133
 620 000a 4FF0FF30 		mov	r0, #-1
 621 000e 08BD     		pop	{r3, pc}
 622              		.cfi_endproc
 623              	.LFE42:
 625              		.global	environ
 626              		.global	__env
 627              		.section	.bss.__env,"aw",%nobits
 628              		.align	2
 631              	__env:
 632 0000 00000000 		.space	4
 633              		.section	.data.environ,"aw"
 634              		.align	2
 637              	environ:
 638 0000 00000000 		.word	__env
 639              		.weak	__io_putchar
 640              		.weak	__io_getchar
 641              		.text
 642              	.Letext0:
 643              		.file 2 "/usr/include/newlib/machine/_default_types.h"
 644              		.file 3 "/usr/include/newlib/sys/_types.h"
 645              		.file 4 "/usr/include/newlib/sys/_timeval.h"
 646              		.file 5 "/usr/include/newlib/sys/_timespec.h"
 647              		.file 6 "/usr/include/newlib/sys/types.h"
 648              		.file 7 "/usr/include/newlib/sys/stat.h"
 649              		.file 8 "/usr/include/newlib/sys/times.h"
 650              		.file 9 "/usr/include/newlib/sys/errno.h"
ARM GAS  /tmp/ccngRozx.s 			page 15


DEFINED SYMBOLS
                            *ABS*:0000000000000000 syscalls.c
     /tmp/ccngRozx.s:18     .text.initialise_monitor_handles:0000000000000000 $t
     /tmp/ccngRozx.s:26     .text.initialise_monitor_handles:0000000000000000 initialise_monitor_handles
     /tmp/ccngRozx.s:40     .text._getpid:0000000000000000 $t
     /tmp/ccngRozx.s:47     .text._getpid:0000000000000000 _getpid
     /tmp/ccngRozx.s:62     .text._kill:0000000000000000 $t
     /tmp/ccngRozx.s:69     .text._kill:0000000000000000 _kill
     /tmp/ccngRozx.s:97     .text._exit:0000000000000000 $t
     /tmp/ccngRozx.s:104    .text._exit:0000000000000000 _exit
     /tmp/ccngRozx.s:130    .text._read:0000000000000000 $t
     /tmp/ccngRozx.s:137    .text._read:0000000000000000 _read
     /tmp/ccngRozx.s:194    .text._write:0000000000000000 $t
     /tmp/ccngRozx.s:201    .text._write:0000000000000000 _write
     /tmp/ccngRozx.s:252    .text._close:0000000000000000 $t
     /tmp/ccngRozx.s:259    .text._close:0000000000000000 _close
     /tmp/ccngRozx.s:278    .text._fstat:0000000000000000 $t
     /tmp/ccngRozx.s:285    .text._fstat:0000000000000000 _fstat
     /tmp/ccngRozx.s:308    .text._isatty:0000000000000000 $t
     /tmp/ccngRozx.s:315    .text._isatty:0000000000000000 _isatty
     /tmp/ccngRozx.s:334    .text._lseek:0000000000000000 $t
     /tmp/ccngRozx.s:341    .text._lseek:0000000000000000 _lseek
     /tmp/ccngRozx.s:362    .text._open:0000000000000000 $t
     /tmp/ccngRozx.s:369    .text._open:0000000000000000 _open
     /tmp/ccngRozx.s:400    .text._wait:0000000000000000 $t
     /tmp/ccngRozx.s:407    .text._wait:0000000000000000 _wait
     /tmp/ccngRozx.s:434    .text._unlink:0000000000000000 $t
     /tmp/ccngRozx.s:441    .text._unlink:0000000000000000 _unlink
     /tmp/ccngRozx.s:468    .text._times:0000000000000000 $t
     /tmp/ccngRozx.s:475    .text._times:0000000000000000 _times
     /tmp/ccngRozx.s:494    .text._stat:0000000000000000 $t
     /tmp/ccngRozx.s:501    .text._stat:0000000000000000 _stat
     /tmp/ccngRozx.s:524    .text._link:0000000000000000 $t
     /tmp/ccngRozx.s:531    .text._link:0000000000000000 _link
     /tmp/ccngRozx.s:559    .text._fork:0000000000000000 $t
     /tmp/ccngRozx.s:566    .text._fork:0000000000000000 _fork
     /tmp/ccngRozx.s:590    .text._execve:0000000000000000 $t
     /tmp/ccngRozx.s:597    .text._execve:0000000000000000 _execve
     /tmp/ccngRozx.s:637    .data.environ:0000000000000000 environ
     /tmp/ccngRozx.s:631    .bss.__env:0000000000000000 __env
     /tmp/ccngRozx.s:628    .bss.__env:0000000000000000 $d
     /tmp/ccngRozx.s:634    .data.environ:0000000000000000 $d

UNDEFINED SYMBOLS
__errno
__io_getchar
__io_putchar
